<?xml version="1.0" encoding="UTF-8"?>
<testsuite xmlns:xsi="http://www.w3.org/2001/XMLSchema-instance" xsi:noNamespaceSchemaLocation="https://maven.apache.org/surefire/maven-surefire-plugin/xsd/surefire-test-report-3.0.xsd" version="3.0" name="repository.GreeterTest" time="0.971" tests="1" errors="0" skipped="0" failures="0">
  <properties>
[...]
</properties>
  <testcase name="should_create_greeting" classname="repository.GreeterTest" time="0.117">
    <system-out><![CDATA[bfbf6a42-ab41-4345-811a-1b61efed2ad5.jar:
/com/
/com/axonactive/
/com/axonactive/bookstore/
/com/axonactive/bookstore/repository/
/com/axonactive/bookstore/repository/Greeter.class
/META-INF/
/META-INF/beans.xml
]]></system-out>
  </testcase>
</testsuite>