<?xml version="1.0" encoding="UTF-8"?>
<testsuite xmlns:xsi="http://www.w3.org/2001/XMLSchema-instance" xsi:noNamespaceSchemaLocation="https://maven.apache.org/surefire/maven-surefire-plugin/xsd/surefire-test-report-3.0.xsd" version="3.0" name="repository.BookRepositoryTest" time="3.261" tests="1" errors="0" skipped="0" failures="0">
  <properties>
[...]
</properties>
  <testcase name="create" classname="repository.BookRepositoryTest" time="0.253">
    <system-err><![CDATA[Jan 23, 2022 9:33:46 PM org.jboss.threads.Version <clinit>
INFO: JBoss Threads version 2.4.0.Final
Jan 23, 2022 9:33:46 PM org.jboss.logmanager.JBossLoggerFinder getLogger
ERROR: The LogManager accessed before the "java.util.logging.manager" system property was set to "org.jboss.logmanager.LogManager". Results may be unexpected.
Jan 23, 2022 9:33:47 PM org.jboss.remoting3.EndpointImpl <clinit>
INFO: JBoss Remoting version 5.0.19.Final
Jan 23, 2022 9:33:47 PM org.xnio.Xnio <clinit>
INFO: XNIO version 3.8.2.Final
Jan 23, 2022 9:33:48 PM org.xnio.nio.NioXnio <clinit>
INFO: XNIO NIO Implementation Version 3.8.2.Final
Jan 23, 2022 9:33:48 PM org.wildfly.security.Version <clinit>
INFO: ELY00001: WildFly Elytron version 1.13.0.Final
]]></system-err>
  </testcase>
</testsuite>